<?xml version="1.0" encoding="UTF-8"?>
<!-- Generated by org.testng.reporters.JUnitReportReporter -->
<testsuite hostname="DESKTOP-QS2AGGF" name="in.sandbox.ontrack.testcases.classesMasterCalendarTest" tests="1" failures="0" timestamp="7 May 2020 05:43:24 GMT" time="29.574" errors="0">
  <testcase name="AddClassTest" time="29.574" classname="in.sandbox.ontrack.testcases.classesMasterCalendarTest"/>
</testsuite> <!-- in.sandbox.ontrack.testcases.classesMasterCalendarTest -->
