<?xml version="1.0" encoding="UTF-8"?>
<!-- Generated by org.testng.reporters.JUnitReportReporter -->
<testsuite hostname="DESKTOP-QS2AGGF" name="in.sandbox.ontrack.testcases.ManageClientPageTest" tests="1" failures="0" timestamp="15 Apr 2020 05:26:22 GMT" time="9.335" errors="0">
  <testcase name="VerifyPageTitle" time="9.335" classname="in.sandbox.ontrack.testcases.ManageClientPageTest"/>
</testsuite> <!-- in.sandbox.ontrack.testcases.ManageClientPageTest -->
