<?xml version="1.0" encoding="UTF-8"?>
<!-- Generated by org.testng.reporters.JUnitReportReporter -->
<testsuite hostname="DESKTOP-QS2AGGF" name="in.sandbox.ontrack.testcases.LoginPageTest" tests="2" failures="0" timestamp="13 Apr 2020 05:30:45 GMT" time="50.280" errors="0">
  <testcase name="LoginPageTitleTest" time="11.150" classname="in.sandbox.ontrack.testcases.LoginPageTest"/>
  <testcase name="LoginTest" time="39.130" classname="in.sandbox.ontrack.testcases.LoginPageTest"/>
</testsuite> <!-- in.sandbox.ontrack.testcases.LoginPageTest -->
