<?xml version="1.0" encoding="UTF-8"?>
<!-- Generated by org.testng.reporters.JUnitReportReporter -->
<testsuite hostname="DESKTOP-QS2AGGF" name="in.sandbox.ontrack.testcases.ManageClientsPageTest" tests="1" failures="0" timestamp="23 Apr 2020 09:51:40 GMT" time="2.060" errors="0">
  <testcase name="ClientAccountStatement" time="2.060" classname="in.sandbox.ontrack.testcases.ManageClientsPageTest"/>
</testsuite> <!-- in.sandbox.ontrack.testcases.ManageClientsPageTest -->
